# JRE version: Java(TM) SE Runtime Environment (8.0_211-b12) (build 1.8.0_211-b12)
# Java VM: Java HotSpot(TM) 64-Bit Server VM (25.211-b12 mixed mode windows-amd64 compressed oops)
Heap:
 PSYoungGen      total 59904K, used 15230K [0x00000000eb200000, 0x00000000efc80000, 0x0000000100000000)
  eden space 53760K, 16% used [0x00000000eb200000,0x00000000ebae22c0,0x00000000ee680000)
  from space 6144K, 99% used [0x00000000ef080000,0x00000000ef67d6d8,0x00000000ef680000)
  to   space 4608K, 0% used [0x00000000ef800000,0x00000000ef800000,0x00000000efc80000)
 ParOldGen       total 33792K, used 26590K [0x00000000c1600000, 0x00000000c3700000, 0x00000000eb200000)
  object space 33792K, 78% used [0x00000000c1600000,0x00000000c2ff7818,0x00000000c3700000)
 Metaspace       used 30925K, capacity 32045K, committed 32256K, reserved 1077248K
  class space    used 3960K, capacity 4243K, committed 4352K, reserved 1048576K
GC Heap History (10 events):
Event: 4.646 GC heap before
{Heap before GC invocations=6 (full 0):
 PSYoungGen      total 18944K, used 18928K [0x00000000eb200000, 0x00000000ede00000, 0x0000000100000000)
  eden space 16384K, 100% used [0x00000000eb200000,0x00000000ec200000,0x00000000ec200000)
  from space 2560K, 99% used [0x00000000ec200000,0x00000000ec47c090,0x00000000ec480000)
  to   space 6144K, 0% used [0x00000000ed800000,0x00000000ed800000,0x00000000ede00000)
 ParOldGen       total 44032K, used 9015K [0x00000000c1600000, 0x00000000c4100000, 0x00000000eb200000)
  object space 44032K, 20% used [0x00000000c1600000,0x00000000c1ecdc00,0x00000000c4100000)
 Metaspace       used 19923K, capacity 20570K, committed 20864K, reserved 1067008K
  class space    used 2430K, capacity 2595K, committed 2688K, reserved 1048576K
Event: 4.654 GC heap after
Heap after GC invocations=6 (full 0):
 PSYoungGen      total 38912K, used 4740K [0x00000000eb200000, 0x00000000ede00000, 0x0000000100000000)
  eden space 32768K, 0% used [0x00000000eb200000,0x00000000eb200000,0x00000000ed200000)
  from space 6144K, 77% used [0x00000000ed800000,0x00000000edca1218,0x00000000ede00000)
  to   space 6144K, 0% used [0x00000000ed200000,0x00000000ed200000,0x00000000ed800000)
 ParOldGen       total 44032K, used 9015K [0x00000000c1600000, 0x00000000c4100000, 0x00000000eb200000)
  object space 44032K, 20% used [0x00000000c1600000,0x00000000c1ecdc00,0x00000000c4100000)
 Metaspace       used 19923K, capacity 20570K, committed 20864K, reserved 1067008K
  class space    used 2430K, capacity 2595K, committed 2688K, reserved 1048576K
}
Event: 4.752 GC heap before
{Heap before GC invocations=7 (full 0):
 PSYoungGen      total 38912K, used 7765K [0x00000000eb200000, 0x00000000ede00000, 0x0000000100000000)
  eden space 32768K, 9% used [0x00000000eb200000,0x00000000eb4f44f8,0x00000000ed200000)
  from space 6144K, 77% used [0x00000000ed800000,0x00000000edca1218,0x00000000ede00000)
  to   space 6144K, 0% used [0x00000000ed200000,0x00000000ed200000,0x00000000ed800000)
 ParOldGen       total 44032K, used 9015K [0x00000000c1600000, 0x00000000c4100000, 0x00000000eb200000)
  object space 44032K, 20% used [0x00000000c1600000,0x00000000c1ecdc00,0x00000000c4100000)
 Metaspace       used 20375K, capacity 21129K, committed 21296K, reserved 1069056K
  class space    used 2515K, capacity 2688K, committed 2688K, reserved 1048576K
Event: 4.757 GC heap after
Heap after GC invocations=7 (full 0):
 PSYoungGen      total 38912K, used 2436K [0x00000000eb200000, 0x00000000efe00000, 0x0000000100000000)
  eden space 32768K, 0% used [0x00000000eb200000,0x00000000eb200000,0x00000000ed200000)
  from space 6144K, 39% used [0x00000000ed200000,0x00000000ed4612b8,0x00000000ed800000)
  to   space 6144K, 0% used [0x00000000ef800000,0x00000000ef800000,0x00000000efe00000)
 ParOldGen       total 44032K, used 10175K [0x00000000c1600000, 0x00000000c4100000, 0x00000000eb200000)
  object space 44032K, 23% used [0x00000000c1600000,0x00000000c1fefce0,0x00000000c4100000)
 Metaspace       used 20375K, capacity 21129K, committed 21296K, reserved 1069056K
  class space    used 2515K, capacity 2688K, committed 2688K, reserved 1048576K
}
Event: 4.757 GC heap before
{Heap before GC invocations=8 (full 1):
 PSYoungGen      total 38912K, used 2436K [0x00000000eb200000, 0x00000000efe00000, 0x0000000100000000)
  eden space 32768K, 0% used [0x00000000eb200000,0x00000000eb200000,0x00000000ed200000)
  from space 6144K, 39% used [0x00000000ed200000,0x00000000ed4612b8,0x00000000ed800000)
  to   space 6144K, 0% used [0x00000000ef800000,0x00000000ef800000,0x00000000efe00000)
 ParOldGen       total 44032K, used 10175K [0x00000000c1600000, 0x00000000c4100000, 0x00000000eb200000)
  object space 44032K, 23% used [0x00000000c1600000,0x00000000c1fefce0,0x00000000c4100000)
 Metaspace       used 20375K, capacity 21129K, committed 21296K, reserved 1069056K
  class space    used 2515K, capacity 2688K, committed 2688K, reserved 1048576K
Event: 4.803 GC heap after
Heap after GC invocations=8 (full 1):
 PSYoungGen      total 38912K, used 0K [0x00000000eb200000, 0x00000000efe00000, 0x0000000100000000)
  eden space 32768K, 0% used [0x00000000eb200000,0x00000000eb200000,0x00000000ed200000)
  from space 6144K, 0% used [0x00000000ed200000,0x00000000ed200000,0x00000000ed800000)
  to   space 6144K, 0% used [0x00000000ef800000,0x00000000ef800000,0x00000000efe00000)
 ParOldGen       total 33792K, used 8893K [0x00000000c1600000, 0x00000000c3700000, 0x00000000eb200000)
  object space 33792K, 26% used [0x00000000c1600000,0x00000000c1eaf428,0x00000000c3700000)
 Metaspace       used 20375K, capacity 21129K, committed 21296K, reserved 1069056K
  class space    used 2515K, capacity 2688K, committed 2688K, reserved 1048576K
}
Event: 11.502 GC heap before
{Heap before GC invocations=9 (full 1):
 PSYoungGen      total 38912K, used 32768K [0x00000000eb200000, 0x00000000efe00000, 0x0000000100000000)
  eden space 32768K, 100% used [0x00000000eb200000,0x00000000ed200000,0x00000000ed200000)
  from space 6144K, 0% used [0x00000000ed200000,0x00000000ed200000,0x00000000ed800000)
  to   space 6144K, 0% used [0x00000000ef800000,0x00000000ef800000,0x00000000efe00000)
 ParOldGen       total 33792K, used 25277K [0x00000000c1600000, 0x00000000c3700000, 0x00000000eb200000)
  object space 33792K, 74% used [0x00000000c1600000,0x00000000c2eaf438,0x00000000c3700000)
 Metaspace       used 24520K, capacity 25455K, committed 25728K, reserved 1071104K
  class space    used 3140K, capacity 3398K, committed 3456K, reserved 1048576K
Event: 11.515 GC heap after
Heap after GC invocations=9 (full 1):
 PSYoungGen      total 58368K, used 4537K [0x00000000eb200000, 0x00000000efc80000, 0x0000000100000000)
  eden space 53760K, 0% used [0x00000000eb200000,0x00000000eb200000,0x00000000ee680000)
  from space 4608K, 98% used [0x00000000ef800000,0x00000000efc6e788,0x00000000efc80000)
  to   space 6144K, 0% used [0x00000000ef080000,0x00000000ef080000,0x00000000ef680000)
 ParOldGen       total 33792K, used 25285K [0x00000000c1600000, 0x00000000c3700000, 0x00000000eb200000)
  object space 33792K, 74% used [0x00000000c1600000,0x00000000c2eb1438,0x00000000c3700000)
 Metaspace       used 24520K, capacity 25455K, committed 25728K, reserved 1071104K
  class space    used 3140K, capacity 3398K, committed 3456K, reserved 1048576K
}
Event: 20.394 GC heap before
{Heap before GC invocations=10 (full 1):
 PSYoungGen      total 58368K, used 58297K [0x00000000eb200000, 0x00000000efc80000, 0x0000000100000000)
  eden space 53760K, 100% used [0x00000000eb200000,0x00000000ee680000,0x00000000ee680000)
  from space 4608K, 98% used [0x00000000ef800000,0x00000000efc6e788,0x00000000efc80000)
  to   space 6144K, 0% used [0x00000000ef080000,0x00000000ef080000,0x00000000ef680000)
 ParOldGen       total 33792K, used 25285K [0x00000000c1600000, 0x00000000c3700000, 0x00000000eb200000)
  object space 33792K, 74% used [0x00000000c1600000,0x00000000c2eb1438,0x00000000c3700000)
 Metaspace       used 30129K, capacity 31277K, committed 31616K, reserved 1077248K
  class space    used 3848K, capacity 4141K, committed 4224K, reserved 1048576K
Event: 20.407 GC heap after
Heap after GC invocations=10 (full 1):
 PSYoungGen      total 59904K, used 6133K [0x00000000eb200000, 0x00000000efc80000, 0x0000000100000000)
  eden space 53760K, 0% used [0x00000000eb200000,0x00000000eb200000,0x00000000ee680000)
  from space 6144K, 99% used [0x00000000ef080000,0x00000000ef67d6d8,0x00000000ef680000)
  to   space 4608K, 0% used [0x00000000ef800000,0x00000000ef800000,0x00000000efc80000)
 ParOldGen       total 33792K, used 26590K [0x00000000c1600000, 0x00000000c3700000, 0x00000000eb200000)
  object space 33792K, 78% used [0x00000000c1600000,0x00000000c2ff7818,0x00000000c3700000)
 Metaspace       used 30129K, capacity 31277K, committed 31616K, reserved 1077248K
  class space    used 3848K, capacity 4141K, committed 4224K, reserved 1048576K
}

