# JRE version: Java(TM) SE Runtime Environment (8.0_211-b12) (build 1.8.0_211-b12)
# Java VM: Java HotSpot(TM) 64-Bit Server VM (25.211-b12 mixed mode windows-amd64 compressed oops)
Heap:
 PSYoungGen      total 38912K, used 32636K [0x00000000eb200000, 0x00000000efe00000, 0x0000000100000000)
  eden space 32768K, 99% used [0x00000000eb200000,0x00000000ed1df248,0x00000000ed200000)
  from space 6144K, 0% used [0x00000000ed200000,0x00000000ed200000,0x00000000ed800000)
  to   space 6144K, 0% used [0x00000000ef800000,0x00000000ef800000,0x00000000efe00000)
 ParOldGen       total 34304K, used 25367K [0x00000000c1600000, 0x00000000c3780000, 0x00000000eb200000)
  object space 34304K, 73% used [0x00000000c1600000,0x00000000c2ec5cc0,0x00000000c3780000)
 Metaspace       used 24451K, capacity 25438K, committed 25728K, reserved 1071104K
  class space    used 3133K, capacity 3371K, committed 3456K, reserved 1048576K
GC Heap History (10 events):
Event: 2.651 GC heap before
{Heap before GC invocations=4 (full 0):
 PSYoungGen      total 18944K, used 18934K [0x00000000eb200000, 0x00000000ec700000, 0x0000000100000000)
  eden space 16384K, 100% used [0x00000000eb200000,0x00000000ec200000,0x00000000ec200000)
  from space 2560K, 99% used [0x00000000ec200000,0x00000000ec47d9d0,0x00000000ec480000)
  to   space 2560K, 0% used [0x00000000ec480000,0x00000000ec480000,0x00000000ec700000)
 ParOldGen       total 44032K, used 3972K [0x00000000c1600000, 0x00000000c4100000, 0x00000000eb200000)
  object space 44032K, 9% used [0x00000000c1600000,0x00000000c19e1178,0x00000000c4100000)
 Metaspace       used 14930K, capacity 15308K, committed 15488K, reserved 1062912K
  class space    used 1743K, capacity 1878K, committed 1920K, reserved 1048576K
Event: 2.657 GC heap after
Heap after GC invocations=4 (full 0):
 PSYoungGen      total 18944K, used 2544K [0x00000000eb200000, 0x00000000ec700000, 0x0000000100000000)
  eden space 16384K, 0% used [0x00000000eb200000,0x00000000eb200000,0x00000000ec200000)
  from space 2560K, 99% used [0x00000000ec480000,0x00000000ec6fc080,0x00000000ec700000)
  to   space 2560K, 0% used [0x00000000ec200000,0x00000000ec200000,0x00000000ec480000)
 ParOldGen       total 44032K, used 6509K [0x00000000c1600000, 0x00000000c4100000, 0x00000000eb200000)
  object space 44032K, 14% used [0x00000000c1600000,0x00000000c1c5b7a0,0x00000000c4100000)
 Metaspace       used 14930K, capacity 15308K, committed 15488K, reserved 1062912K
  class space    used 1743K, capacity 1878K, committed 1920K, reserved 1048576K
}
Event: 3.033 GC heap before
{Heap before GC invocations=5 (full 0):
 PSYoungGen      total 18944K, used 18918K [0x00000000eb200000, 0x00000000ec700000, 0x0000000100000000)
  eden space 16384K, 99% used [0x00000000eb200000,0x00000000ec1fd798,0x00000000ec200000)
  from space 2560K, 99% used [0x00000000ec480000,0x00000000ec6fc080,0x00000000ec700000)
  to   space 2560K, 0% used [0x00000000ec200000,0x00000000ec200000,0x00000000ec480000)
 ParOldGen       total 44032K, used 6509K [0x00000000c1600000, 0x00000000c4100000, 0x00000000eb200000)
  object space 44032K, 14% used [0x00000000c1600000,0x00000000c1c5b7a0,0x00000000c4100000)
 Metaspace       used 17352K, capacity 17696K, committed 17920K, reserved 1064960K
  class space    used 2071K, capacity 2204K, committed 2304K, reserved 1048576K
Event: 3.038 GC heap after
Heap after GC invocations=5 (full 0):
 PSYoungGen      total 18944K, used 2544K [0x00000000eb200000, 0x00000000ede00000, 0x0000000100000000)
  eden space 16384K, 0% used [0x00000000eb200000,0x00000000eb200000,0x00000000ec200000)
  from space 2560K, 99% used [0x00000000ec200000,0x00000000ec47c060,0x00000000ec480000)
  to   space 6144K, 0% used [0x00000000ed800000,0x00000000ed800000,0x00000000ede00000)
 ParOldGen       total 44032K, used 9138K [0x00000000c1600000, 0x00000000c4100000, 0x00000000eb200000)
  object space 44032K, 20% used [0x00000000c1600000,0x00000000c1eecaa0,0x00000000c4100000)
 Metaspace       used 17352K, capacity 17696K, committed 17920K, reserved 1064960K
  class space    used 2071K, capacity 2204K, committed 2304K, reserved 1048576K
}
Event: 3.993 GC heap before
{Heap before GC invocations=6 (full 0):
 PSYoungGen      total 18944K, used 18928K [0x00000000eb200000, 0x00000000ede00000, 0x0000000100000000)
  eden space 16384K, 100% used [0x00000000eb200000,0x00000000ec200000,0x00000000ec200000)
  from space 2560K, 99% used [0x00000000ec200000,0x00000000ec47c060,0x00000000ec480000)
  to   space 6144K, 0% used [0x00000000ed800000,0x00000000ed800000,0x00000000ede00000)
 ParOldGen       total 44032K, used 9138K [0x00000000c1600000, 0x00000000c4100000, 0x00000000eb200000)
  object space 44032K, 20% used [0x00000000c1600000,0x00000000c1eecaa0,0x00000000c4100000)
 Metaspace       used 19900K, capacity 20570K, committed 20864K, reserved 1067008K
  class space    used 2428K, capacity 2595K, committed 2688K, reserved 1048576K
Event: 4.002 GC heap after
Heap after GC invocations=6 (full 0):
 PSYoungGen      total 38912K, used 4677K [0x00000000eb200000, 0x00000000ede00000, 0x0000000100000000)
  eden space 32768K, 0% used [0x00000000eb200000,0x00000000eb200000,0x00000000ed200000)
  from space 6144K, 76% used [0x00000000ed800000,0x00000000edc914c8,0x00000000ede00000)
  to   space 6144K, 0% used [0x00000000ed200000,0x00000000ed200000,0x00000000ed800000)
 ParOldGen       total 44032K, used 9138K [0x00000000c1600000, 0x00000000c4100000, 0x00000000eb200000)
  object space 44032K, 20% used [0x00000000c1600000,0x00000000c1eecaa0,0x00000000c4100000)
 Metaspace       used 19900K, capacity 20570K, committed 20864K, reserved 1067008K
  class space    used 2428K, capacity 2595K, committed 2688K, reserved 1048576K
}
Event: 4.097 GC heap before
{Heap before GC invocations=7 (full 0):
 PSYoungGen      total 38912K, used 7700K [0x00000000eb200000, 0x00000000ede00000, 0x0000000100000000)
  eden space 32768K, 9% used [0x00000000eb200000,0x00000000eb4f3de8,0x00000000ed200000)
  from space 6144K, 76% used [0x00000000ed800000,0x00000000edc914c8,0x00000000ede00000)
  to   space 6144K, 0% used [0x00000000ed200000,0x00000000ed200000,0x00000000ed800000)
 ParOldGen       total 44032K, used 9138K [0x00000000c1600000, 0x00000000c4100000, 0x00000000eb200000)
  object space 44032K, 20% used [0x00000000c1600000,0x00000000c1eecaa0,0x00000000c4100000)
 Metaspace       used 20390K, capacity 21080K, committed 21248K, reserved 1067008K
  class space    used 2519K, capacity 2696K, committed 2816K, reserved 1048576K
Event: 4.103 GC heap after
Heap after GC invocations=7 (full 0):
 PSYoungGen      total 38912K, used 2548K [0x00000000eb200000, 0x00000000efe00000, 0x0000000100000000)
  eden space 32768K, 0% used [0x00000000eb200000,0x00000000eb200000,0x00000000ed200000)
  from space 6144K, 41% used [0x00000000ed200000,0x00000000ed47d298,0x00000000ed800000)
  to   space 6144K, 0% used [0x00000000ef800000,0x00000000ef800000,0x00000000efe00000)
 ParOldGen       total 44032K, used 10282K [0x00000000c1600000, 0x00000000c4100000, 0x00000000eb200000)
  object space 44032K, 23% used [0x00000000c1600000,0x00000000c200ab60,0x00000000c4100000)
 Metaspace       used 20390K, capacity 21080K, committed 21248K, reserved 1067008K
  class space    used 2519K, capacity 2696K, committed 2816K, reserved 1048576K
}
Event: 4.103 GC heap before
{Heap before GC invocations=8 (full 1):
 PSYoungGen      total 38912K, used 2548K [0x00000000eb200000, 0x00000000efe00000, 0x0000000100000000)
  eden space 32768K, 0% used [0x00000000eb200000,0x00000000eb200000,0x00000000ed200000)
  from space 6144K, 41% used [0x00000000ed200000,0x00000000ed47d298,0x00000000ed800000)
  to   space 6144K, 0% used [0x00000000ef800000,0x00000000ef800000,0x00000000efe00000)
 ParOldGen       total 44032K, used 10282K [0x00000000c1600000, 0x00000000c4100000, 0x00000000eb200000)
  object space 44032K, 23% used [0x00000000c1600000,0x00000000c200ab60,0x00000000c4100000)
 Metaspace       used 20390K, capacity 21080K, committed 21248K, reserved 1067008K
  class space    used 2519K, capacity 2696K, committed 2816K, reserved 1048576K
Event: 4.144 GC heap after
Heap after GC invocations=8 (full 1):
 PSYoungGen      total 38912K, used 0K [0x00000000eb200000, 0x00000000efe00000, 0x0000000100000000)
  eden space 32768K, 0% used [0x00000000eb200000,0x00000000eb200000,0x00000000ed200000)
  from space 6144K, 0% used [0x00000000ed200000,0x00000000ed200000,0x00000000ed800000)
  to   space 6144K, 0% used [0x00000000ef800000,0x00000000ef800000,0x00000000efe00000)
 ParOldGen       total 34304K, used 8983K [0x00000000c1600000, 0x00000000c3780000, 0x00000000eb200000)
  object space 34304K, 26% used [0x00000000c1600000,0x00000000c1ec5cb0,0x00000000c3780000)
 Metaspace       used 20390K, capacity 21080K, committed 21248K, reserved 1067008K
  class space    used 2519K, capacity 2696K, committed 2816K, reserved 1048576K
}

