<?xml version="1.0" encoding="UTF-8"?>
<testsuite xmlns:xsi="http://www.w3.org/2001/XMLSchema-instance" xsi:noNamespaceSchemaLocation="https://maven.apache.org/surefire/maven-surefire-plugin/xsd/surefire-test-report-3.0.xsd" version="3.0" name="TestSuite" time="44.51" tests="1" errors="0" skipped="0" failures="0">
  <properties>
[...]
</properties>
  <testcase name="login" classname="com.odoo.scripts.LoginTest" time="15.407">
    <system-out><![CDATA[ INFO [main] (MyTestListener.java:93)- Suite Execution Starts!
 INFO [main] (MyTestListener.java:99)- chrome launched in windows platform and headless: false
 INFO [main] (MyTestListener.java:136)- login Execution Starts!
11ayushsharma11@gmail.com
 INFO [main] (MyTestListener.java:37)- Finding Element with Locator By.xpath: //input[@id='login']
 INFO [main] (MyTestListener.java:37)- Finding Element with Locator By.xpath: //input[@id='password']
 INFO [main] (MyTestListener.java:37)- Finding Element with Locator By.xpath: //button[text()='Log in']
 INFO [main] (MyTestListener.java:37)- Finding Element with Locator By.xpath: //div[text()='CRM']
 INFO [main] (MyTestListener.java:37)- Finding Element with Locator By.xpath: //span[@class='oe_topbar_name']
Login verified successfully!
]]></system-out>
    <system-err><![CDATA[SLF4J: Failed to load class "org.slf4j.impl.StaticLoggerBinder".
SLF4J: Defaulting to no-operation (NOP) logger implementation
SLF4J: See http://www.slf4j.org/codes.html#StaticLoggerBinder for further details.
Starting ChromeDriver 87.0.4280.88 (89e2380a3e36c3464b5dd1302349b1382549290d-refs/branch-heads/4280@{#1761}) on port 42132
Only local connections are allowed.
Please see https://chromedriver.chromium.org/security-considerations for suggestions on keeping ChromeDriver safe.
ChromeDriver was started successfully.
Dec 07, 2020 5:25:23 PM org.openqa.selenium.remote.ProtocolHandshake createSession
INFO: Detected dialect: W3C
Dec 07, 2020 5:25:23 PM org.openqa.selenium.devtools.CdpVersionFinder findNearestMatch
WARNING: Unable to find an exact match for CDP version 87, so returning the closest version found: 86
Dec 07, 2020 5:25:23 PM org.openqa.selenium.devtools.CdpVersionFinder findNearestMatch
INFO: Found CDP implementation for version 87 of 86
]]></system-err>
  </testcase>
</testsuite>