<?xml version="1.0" encoding="UTF-8"?>
<testsuite xmlns:xsi="http://www.w3.org/2001/XMLSchema-instance" xsi:noNamespaceSchemaLocation="https://maven.apache.org/surefire/maven-surefire-plugin/xsd/surefire-test-report-3.0.xsd" version="3.0" name="TestSuite" time="151.303" tests="1" errors="0" skipped="0" failures="0">
  <properties>
[...]
</properties>
  <testcase name="login" classname="com.odoo.scripts.LoginTest" time="13.01">
    <system-out><![CDATA[ INFO [main] (MyTestListener.java:93)- Suite Execution Starts!
 INFO [main] (MyTestListener.java:99)- firefox launched in windows platform and headless: false
 INFO [main] (MyTestListener.java:136)- login Execution Starts!
11ayushsharma11@gmail.com
 INFO [main] (MyTestListener.java:37)- Finding Element with Locator By.xpath: //input[@id='login']
 INFO [main] (MyTestListener.java:37)- Finding Element with Locator By.xpath: //input[@id='password']
 INFO [main] (MyTestListener.java:37)- Finding Element with Locator By.xpath: //button[text()='Log in']
 INFO [main] (MyTestListener.java:37)- Finding Element with Locator By.xpath: //div[text()='CRM']
 INFO [main] (MyTestListener.java:37)- Finding Element with Locator By.xpath: //span[@class='oe_topbar_name']
Login verified successfully!
]]></system-out>
    <system-err><![CDATA[SLF4J: Failed to load class "org.slf4j.impl.StaticLoggerBinder".
SLF4J: Defaulting to no-operation (NOP) logger implementation
SLF4J: See http://www.slf4j.org/codes.html#StaticLoggerBinder for further details.
1607312984254	mozrunner::runner	INFO	Running command: "C:\\Program Files\\Mozilla Firefox\\firefox.exe" "-marionette" "-foreground" "-no-remote" "-profile" "C:\\Users\\AYUSHS~1\\AppData\\Local\\Temp\\rust_mozprofilepj7F1i"
1607312991270	addons.webextension.screenshots@mozilla.org	WARN	Loading extension 'screenshots@mozilla.org': Reading manifest: Invalid extension permission: mozillaAddons
1607312991271	addons.webextension.screenshots@mozilla.org	WARN	Loading extension 'screenshots@mozilla.org': Reading manifest: Invalid extension permission: telemetry
1607312991272	addons.webextension.screenshots@mozilla.org	WARN	Loading extension 'screenshots@mozilla.org': Reading manifest: Invalid extension permission: resource://pdf.js/
1607312991272	addons.webextension.screenshots@mozilla.org	WARN	Loading extension 'screenshots@mozilla.org': Reading manifest: Invalid extension permission: about:reader*
JavaScript error: undefined, line 14: Error: An unexpected error occurred
JavaScript error: moz-extension://db0b66b6-8102-4384-b62f-e7e4b1e67f34/lib/picture_in_picture_overrides.js, line 15: Error: Incorrect argument types for pictureInPictureParent.setOverrides.
JavaScript error: resource:///modules/sessionstore/SessionStore.jsm, line 1325: uncaught exception: 2147746065
1607313000486	Marionette	INFO	Listening on port 61491
1607313000517	Marionette	WARN	TLS certificate errors will be ignored for this session
Dec 07, 2020 9:20:00 AM org.openqa.selenium.remote.ProtocolHandshake createSession
INFO: Detected dialect: W3C
]]></system-err>
  </testcase>
</testsuite>